      -0.0488173        0.747876        0.401824
          1.2302       -0.682892        0.192681
       -0.847158        0.418191       -0.366661
       -0.232352        0.163857       0.0699405
       -0.425393        0.921692        0.405094
      -0.0828406       -0.479284        0.283592
        0.774318       0.0838153        0.354275
         3.01991       -0.284225       -0.690017
        0.517775       -0.610615         1.54714
        0.848998        -3.81072        -0.53443
        -1.11309      0.00764989       0.0682736
       -0.338003       -0.126084         1.54612
        -1.08394         1.05033       0.0340444
        -0.84306        0.508565        -0.14737
        0.271556        0.146123        -0.26497
        0.802252        -1.51877        -1.27333
         1.07305        -1.78539        0.847799
       -0.908053        0.337563       -0.723771
         1.85937         1.10792      -0.0692257
       -0.530955        -1.03644         1.52904
        0.266165        0.472953        0.287069
        0.719313        -2.19298         1.40289
        0.372957        -2.07994         0.20415
        0.688167        -1.50089          1.3791
        0.639406        -1.61564        0.587116
        -1.09999       -0.676506       -0.627195
       -0.976596       0.0705023         1.06761
       -0.826254         0.13003        0.670518
       0.0331757        0.307218         2.21109
         1.69282       -0.510371       -0.217973
         1.56371         2.15417       -0.986686
       -0.631674        0.412492        0.607863
         1.00299       0.0666983       -0.469688
       -0.525278       -0.885936        -1.71942
         2.42072        0.739624       -0.742449
        -1.14001       -0.475168         1.16226
     -0.00259594         -1.1372         1.37125
       -0.661889       -0.514512           3.392
           -1.31      -0.0885984        0.159474
       -0.979273         2.37386         0.64457
        -1.47375        -1.04213        -2.08333
        0.284196        0.676468        0.843296
       -0.029219        0.511007         0.11025
       -0.370957       -0.739096         2.55015
        0.562627        0.680575        0.396822
        -1.87878          0.9048       -0.433305
         -1.1674       0.0831896       -0.871387
        -1.02595        0.102639        -1.77102
       -0.429891         1.65857        -1.09739
      -0.0572021       -0.414752        -1.39644
       -0.135599         2.06333        -1.14474
        -1.31331       0.0278471        -1.57623
        -1.37793         0.70123       -0.376222
       -0.328273         1.58174        -1.72744
        0.272554         0.77171       -0.687743
       -0.878666        0.446616         1.91582
         1.62978        0.584885       -0.535565
       -0.969344        -0.19221        0.992104
         1.90776         2.28002         1.37046
        0.552833        -1.58906      -0.0330747
        0.221546       -0.908075       -0.800917
      -0.0942694       -0.941122         2.67592
         1.13328       0.0257931       -0.512493
       -0.434333        -1.68774       0.0663211
       0.0958134       -0.773402        -0.16003
       -0.251127        0.934213         1.91996
        0.505685        0.842821       -0.915169
       -0.505167       0.0677931        0.568745
         2.35197        -0.42721       -0.776193
       -0.544322        0.839405         1.51052
         0.44171         1.23629        -1.96344
       -0.385276      -0.0790299        0.277727
        -1.71481       -0.192672        -2.65133
       -0.379134       -0.686027        0.437654
        0.237159         -0.8926        -1.47953
        0.707003       -0.104008       -0.171122
        -0.56093        0.126008       -0.938224
      -0.0165798        -1.45776       -0.401526
         1.15885         1.89221         1.44129
         1.47571          2.3167        0.404216
       -0.686838        0.839345         1.13873
         1.35149        0.857057        0.593191
        0.226498       -0.417175        -1.78168
       -0.183278       -0.062962        -2.43377
         1.31419        0.349594       -0.384628
        -2.43779        0.995966        0.274464
        -1.34264         1.25936       -0.310996
       -0.206704      -0.0345587        0.365504
       -0.854999        -0.27267        0.484471
        0.859959       -0.108148        -1.31332
        -2.03066        -1.19173        0.317982
         1.72343       -0.208879        0.900815
        0.312597         2.54423        0.536111
        0.676172        -1.81991        -1.80153
       0.0675104        0.278504       -0.400428
        0.897496       -0.767732       -0.811858
         0.98113        -1.12569        -1.05799
        0.349274        -1.58662       -0.709869
       -0.860361        0.678421        -1.94249
       -0.922797         1.23816         1.07738
        0.130756        -1.82465        0.627984
       -0.711739       -0.046045        -1.77872
       -0.133524       -0.890979        -1.63594
          0.1623       -0.678717        0.699289
       -0.137671        0.945511        0.883591
       -0.451275       -0.557346      -0.0763366
        0.487333        0.916247       -0.431558
       -0.985721         1.25345         2.40059
