         1.07392        0.708037        0.522973
        0.949579        -1.03863         1.40477
       0.0438537        -0.38271        -0.52639
         1.69602       0.0786987        0.431716
         1.22097        0.151141        0.980619
         1.88699       -0.234484       -0.762567
         -1.0192       -0.222072        0.304476
       -0.111715        0.316549        0.238576
         2.23089       -0.362868        0.103644
        -1.43746        0.604411        0.594976
       -0.323127        -1.68197        -1.01832
       -0.898769       -0.196058       -0.313606
       -0.857379      -0.0283839        0.952053
        0.942258        0.499701        0.058182
        0.495446         1.33071        0.822277
       -0.277291       -0.980424        0.763926
        0.559073        0.726224        0.690319
        0.209265        -1.24158       -0.770737
       -0.275104          1.6972       -0.524841
        0.300149       0.0710935      -0.0513169
       -0.252955       0.0576568        0.411746
        -1.13249         1.29976        0.962573
        0.282663        -1.56847         1.56255
         1.88312        0.157486        0.683168
       -0.786448       -0.431997       -0.721594
        -1.51239         0.22525       -0.355716
       -0.160987        -1.19382        -0.40972
        -0.23429        0.496522     -0.00600972
       -0.611906       -0.707183        0.853994
        -1.12774        -1.01678         0.22824
       -0.934528        0.637826        -1.01699
        -1.53528       -0.257272      -0.0218425
       -0.646927        -1.28466         2.94492
        -1.43307       -0.884321        0.374063
       -0.674457       -0.303503       -0.180403
        -1.29493         1.33161        0.660627
        0.862075        -1.10831        0.569811
        0.250324        -1.28046        0.253379
      -0.0148151        -1.80988        0.019232
       -0.198103         1.22055        0.250777
        0.953397        0.442462        0.750355
        0.318874         1.23958       -0.841378
       -0.645564         1.99463        -0.73742
       -0.296678        0.380151        -1.27346
         -1.8666        0.643079       -0.486227
         2.03635        0.852006        0.606726
       0.0513206         0.60738        -1.13977
       -0.798346        0.357471        0.287087
       -0.588426         2.37062        0.231474
        0.782876        0.289045        -1.36832
        -1.57819       -0.280161         -1.1877
       -0.780751        0.682043        -1.59081
         1.17824        -2.53309        -2.98519
        0.522883          1.3492        -0.38729
        0.734333       -0.457834        0.359997
       0.0282161       -0.260575         1.13579
       0.0272551       -0.140616       -0.950038
        0.279352        0.496645       -0.622476
       -0.993382       -0.562514       -0.622288
       -0.883862        0.215192       -0.107548
       -0.427263          1.4642        0.900021
        0.905618       -0.301894       -0.909831
        -1.26713       -0.028648        -1.35214
       -0.138581        -1.05987       -0.322103
       -0.337142       -0.938826         1.32839
        0.100529       -0.735778        -1.09747
        0.375871        -1.52723       -0.826409
        0.375717         1.01167        -1.22911
        -0.83591      -0.0466094       -0.722708
        -1.18939        0.145931        0.173829
         -0.7296       -0.370431        0.555006
       -0.439575         1.18499        0.758892
        0.405401       0.0885971       0.0631326
       -0.189747        0.366867         1.21928
        0.301483         1.42766        -0.23346
       -0.413535       -0.898153       -0.398994
         1.11339        -1.32741         1.04092
       -0.200998        -1.16179        0.224651
         1.51467         1.95524        0.380329
        0.753206         0.55003       -0.371526
        -1.16082       -0.369502       -0.972559
        0.429304       -0.351417       -0.410373
        0.633363       -0.494962       -0.435123
       -0.198229       -0.603601     -0.00728357
       -0.120294       -0.341227        0.479949
        -1.18382       -0.226196       -0.267118
        0.752988        0.510556         0.20664
       -0.817778         1.21294       -0.700796
        -1.07889         1.19013       -0.120892
       -0.953675        -1.31477        0.754468
        0.591686       -0.437823       -0.945196
        0.739394       -0.315329         1.78673
        0.536568       -0.529829         -0.4076
       -0.461318         1.05565        0.231701
         1.62345         1.00796       -0.856847
      -0.0996523        0.319123        -1.11742
      -0.0116647        0.122861       -0.616624
      -0.0514034        0.842004       -0.227446
        0.929547        -1.11577         1.31844
         1.25634        0.268661        -1.16688
        0.605333       -0.715435         1.25134
       0.0498016         1.25007       0.0177684
         0.55517      -0.0770898         1.09808
       -0.675299       -0.272265         1.24115
         1.14809        0.863388       -0.314431
        0.769171       -0.738405        0.121723
       -0.265744         -1.4433       -0.337164
         1.16485       -0.174283         1.18002
